<?xml version="1.0" encoding="UTF-8"?>
<!-- Generated by org.testng.reporters.JUnitReportReporter -->
<testsuite skipped="0" hostname="P4A-508SCN8" name="raji.screenshot" tests="1" failures="0" timestamp="23 Jul 2018 07:08:45 GMT" time="0.955" errors="0">
  <testcase name="f" time="0.955" classname="raji.screenshot"/>
</testsuite> <!-- raji.screenshot -->
