<?xml version="1.0" encoding="UTF-8"?>
<!-- Generated by org.testng.reporters.JUnitReportReporter -->
<testsuite skipped="0" hostname="P4A-508SCN8" name="raji.Raji2" tests="1" failures="0" timestamp="23 Jul 2018 06:17:46 GMT" time="3.351" errors="0">
  <testcase name="f" time="3.351" classname="raji.Raji2"/>
</testsuite> <!-- raji.Raji2 -->
