<?xml version="1.0" encoding="UTF-8"?>
<!-- Generated by org.testng.reporters.JUnitReportReporter -->
<testsuite skipped="0" hostname="P4A-508SCN8" name="raji.Raji3" tests="1" failures="0" timestamp="23 Jul 2018 05:08:07 GMT" time="0.728" errors="0">
  <testcase name="robotClass" time="0.728" classname="raji.Raji3"/>
</testsuite> <!-- raji.Raji3 -->
