<?xml version="1.0" encoding="UTF-8"?>
<!-- Generated by org.testng.reporters.JUnitReportReporter -->
<testsuite hostname="P4A-508SCN8" name="tests.Registration_Test" tests="1" failures="0" timestamp="25 Jul 2018 07:00:17 GMT" time="1.650" errors="0">
  <testcase name="f" time="1.650" classname="tests.Registration_Test"/>
</testsuite> <!-- tests.Registration_Test -->
