<?xml version="1.0" encoding="UTF-8"?>
<!-- Generated by org.testng.reporters.JUnitReportReporter -->
<testsuite hostname="P4A-508SCN8" name="tests.LoginTest" tests="2" failures="0" timestamp="25 Jul 2018 06:47:27 GMT" time="0.053" errors="0">
  <testcase name="LoginInValid" time="0.048" classname="tests.LoginTest"/>
  <testcase name="LoginValid" time="0.005" classname="tests.LoginTest"/>
</testsuite> <!-- tests.LoginTest -->
